2025-09-24 22:44:42,741 INFO ====== WebDriver manager ======
2025-09-24 22:44:44,396 INFO Get LATEST chromedriver version for google-chrome
2025-09-24 22:44:44,921 INFO Get LATEST chromedriver version for google-chrome
2025-09-24 22:44:45,467 INFO Driver [C:\Users\admin\.wdm\drivers\chromedriver\win64\140.0.7339.207\chromedriver-win32/chromedriver.exe] found in cache
2025-09-24 22:44:48,042 ERROR Fatal error: Message: session not created
from unknown error: failed to write prefs file; For documentation on this error, please visit: https://www.selenium.dev/documentation/webdriver/troubleshooting/errors#sessionnotcreatedexception
Stacktrace:
	GetHandleVerifier [0x0xf4c333+65459]
	GetHandleVerifier [0x0xf4c374+65524]
	(No symbol) [0x0xd6d973]
	(No symbol) [0x0xda6a6c]
	(No symbol) [0x0xda6c5f]
	(No symbol) [0x0xda10e4]
	(No symbol) [0x0xd9db5a]
	(No symbol) [0x0xde5a50]
	(No symbol) [0x0xde534a]
	(No symbol) [0x0xdd9bf6]
	(No symbol) [0x0xdab38e]
	(No symbol) [0x0xdac274]
	GetHandleVerifier [0x0x11ceda3+2697763]
	GetHandleVerifier [0x0x11c9ec7+2677575]
	GetHandleVerifier [0x0xf74194+228884]
	GetHandleVerifier [0x0xf649f8+165496]
	GetHandleVerifier [0x0xf6b18d+192013]
	GetHandleVerifier [0x0xf547d8+99416]
	GetHandleVerifier [0x0xf54972+99826]
	GetHandleVerifier [0x0xf3ebea+10346]
	BaseThreadInitThunk [0x0x76a462c4+36]
	RtlSubscribeWnfStateChangeNotification [0x0x76fb08b9+1081]
	RtlSubscribeWnfStateChangeNotification [0x0x76fb0884+1028]

2025-09-24 22:44:48,044 INFO Finished run
